<?xml version="1.0" encoding="UTF-8"?>
<!-- Generated by org.testng.reporters.JUnitReportReporter -->
<testsuite skipped="0" hostname="naveenautomationlabss-MacBook-Pro.local" name="org.tests.CloseBrowser" tests="1" failures="0" timestamp="28 Oct 2021 18:12:12 GMT" time="13.745" errors="0">
  <testcase name="closeBrowserTest" time="13.745" classname="org.tests.CloseBrowser"/>
</testsuite> <!-- org.tests.CloseBrowser -->
