<?xml version="1.0" encoding="UTF-8"?>
<!-- Generated by org.testng.reporters.JUnitReportReporter -->
<testsuite skipped="0" hostname="naveenautomationlabss-MacBook-Pro.local" name="org.tests.Sample" tests="1" failures="0" timestamp="21 Nov 2021 17:30:01 GMT" time="8.990" errors="0">
  <testcase name="test" time="8.990" classname="org.tests.Sample"/>
</testsuite> <!-- org.tests.Sample -->
