<?xml version="1.0" encoding="UTF-8"?>
<!-- Generated by org.testng.reporters.JUnitReportReporter -->
<testsuite skipped="0" hostname="naveenautomationlabss-MacBook-Pro.local" name="org.tests.NavigationConcepts" tests="1" failures="0" timestamp="28 Oct 2021 17:48:26 GMT" time="9.560" errors="0">
  <testcase name="navigateTest" time="9.560" classname="org.tests.NavigationConcepts"/>
</testsuite> <!-- org.tests.NavigationConcepts -->
