<?xml version="1.0" encoding="UTF-8"?>
<!-- Generated by org.testng.reporters.JUnitReportReporter -->
<testsuite skipped="0" hostname="naveenautomationlabss-MacBook-Pro.local" name="org.tests.FooterList" tests="1" failures="0" timestamp="14 Nov 2021 17:03:28 GMT" time="8.165" errors="0">
  <testcase name="elementsTest" time="8.165" classname="org.tests.FooterList"/>
</testsuite> <!-- org.tests.FooterList -->
