<?xml version="1.0" encoding="UTF-8"?>
<!-- Generated by org.testng.reporters.JUnitReportReporter -->
<testsuite skipped="0" hostname="naveenautomationlabss-MacBook-Pro.local" name="org.tests.SelectDropDownTest" tests="1" failures="0" timestamp="18 Nov 2021 14:58:42 GMT" time="21.680" errors="0">
  <testcase name="userActions" time="21.680" classname="org.tests.SelectDropDownTest"/>
</testsuite> <!-- org.tests.SelectDropDownTest -->
