<?xml version="1.0" encoding="UTF-8"?>
<!-- Generated by org.testng.reporters.JUnitReportReporter -->
<testsuite skipped="0" hostname="naveenautomationlabss-MacBook-Pro.local" name="org.tests.WebDriverRunnerTest" tests="1" failures="0" timestamp="29 Oct 2021 07:23:06 GMT" time="6.647" errors="0">
  <testcase name="myTest" time="6.647" classname="org.tests.WebDriverRunnerTest"/>
</testsuite> <!-- org.tests.WebDriverRunnerTest -->
