<?xml version="1.0" encoding="UTF-8"?>
<!-- Generated by org.testng.reporters.JUnitReportReporter -->
<testsuite skipped="0" hostname="naveenautomationlabss-MacBook-Pro.local" name="org.tests.UserActionsTest" tests="1" failures="0" timestamp="18 Nov 2021 14:48:32 GMT" time="14.214" errors="0">
  <testcase name="userActions" time="14.214" classname="org.tests.UserActionsTest"/>
</testsuite> <!-- org.tests.UserActionsTest -->
