<?xml version="1.0" encoding="UTF-8"?>
<!-- Generated by org.testng.reporters.JUnitReportReporter -->
<testsuite skipped="0" hostname="naveenautomationlabss-MacBook-Pro.local" name="org.tests.JSAlertPopUpHandle" tests="1" failures="0" timestamp="07 Nov 2021 05:43:55 GMT" time="15.540" errors="0">
  <testcase name="alertTest" time="15.540" classname="org.tests.JSAlertPopUpHandle"/>
</testsuite> <!-- org.tests.JSAlertPopUpHandle -->
