<?xml version="1.0" encoding="UTF-8"?>
<!-- Generated by org.testng.reporters.JUnitReportReporter -->
<testsuite skipped="0" hostname="naveenautomationlabss-MacBook-Pro.local" name="org.tests.WaitConcept" tests="1" failures="0" timestamp="02 Dec 2021 12:05:34 GMT" time="8.660" errors="0">
  <testcase name="waitTest" time="8.660" classname="org.tests.WaitConcept"/>
</testsuite> <!-- org.tests.WaitConcept -->
