<?xml version="1.0" encoding="UTF-8"?>
<!-- Generated by org.testng.reporters.JUnitReportReporter -->
<testsuite skipped="0" hostname="naveenautomationlabss-MacBook-Pro.local" name="org.tests.AuthPopUpHandle" tests="1" failures="0" timestamp="07 Nov 2021 19:00:33 GMT" time="12.160" errors="0">
  <testcase name="authPopTest" time="12.160" classname="org.tests.AuthPopUpHandle"/>
</testsuite> <!-- org.tests.AuthPopUpHandle -->
