<?xml version="1.0" encoding="UTF-8"?>
<!-- Generated by org.testng.reporters.JUnitReportReporter -->
<testsuite skipped="0" hostname="naveenautomationlabss-MacBook-Pro.local" name="org.tests.GoogleTest" tests="1" failures="0" timestamp="22 Oct 2021 16:58:16 GMT" time="4.661" errors="0">
  <testcase name="googleSearchTest" time="4.661" classname="org.tests.GoogleTest"/>
</testsuite> <!-- org.tests.GoogleTest -->
