<?xml version="1.0" encoding="UTF-8"?>
<!-- Generated by org.testng.reporters.JUnitReportReporter -->
<testsuite skipped="0" hostname="naveenautomationlabss-MacBook-Pro.local" name="org.tests.HandleFrame" tests="1" failures="0" timestamp="14 Nov 2021 14:03:11 GMT" time="19.482" errors="0">
  <testcase name="frameTest" time="19.482" classname="org.tests.HandleFrame"/>
</testsuite> <!-- org.tests.HandleFrame -->
