<?xml version="1.0" encoding="UTF-8"?>
<!-- Generated by org.testng.reporters.JUnitReportReporter -->
<testsuite skipped="0" hostname="naveenautomationlabss-MacBook-Pro.local" name="org.tests.FindElementsConcept" tests="1" failures="0" timestamp="14 Nov 2021 14:49:18 GMT" time="6.205" errors="0">
  <testcase name="elementsTest" time="6.205" classname="org.tests.FindElementsConcept"/>
</testsuite> <!-- org.tests.FindElementsConcept -->
