<?xml version="1.0" encoding="UTF-8"?>
<!-- Generated by org.testng.reporters.JUnitReportReporter -->
<testsuite skipped="0" hostname="naveenautomationlabss-MacBook-Pro.local" name="org.tests.UserActions" tests="3" failures="0" timestamp="21 Nov 2021 09:51:34 GMT" time="29.111" errors="0">
  <testcase name="rightClickTest" time="7.451" classname="org.tests.UserActions"/>
  <testcase name="moveToElement" time="12.209" classname="org.tests.UserActions"/>
  <testcase name="dragAndDropTest" time="9.451" classname="org.tests.UserActions"/>
</testsuite> <!-- org.tests.UserActions -->
